<?xml version="1.0" encoding="UTF-8"?>
<testsuites name="Cura Appointment" time="22.712" tests="2" failures="1" errors="0">
   <testsuite name="Cura Appointment" tests="2" failures="1" errors="0" time="22.712" skipped="0" timestamp="2022-08-24 08:08:56" hostname="jonat - Jonathan" id="Test Suites/Cura Appointment/Cura Appointment">
      <properties>
         <property name="deviceName" value=""/>
         <property name="devicePlatform" value=""/>
         <property name="logFolder" value="C:\\Users\\jonat\\Documents\\Cura\\Reports\\20220824_080848\\Cura Appointment\\Cura Appointment\\20220824_080849"/>
         <property name="logFiles" value="C:\\Users\\jonat\\Documents\\Cura\\Reports\\20220824_080848\\Cura Appointment\\Cura Appointment\\20220824_080849\\execution0.log"/>
         <property name="attachments" value="C:\\Users\\jonat\\Documents\\Cura\\Reports\\20220824_080848\\Cura Appointment\\Cura Appointment\\20220824_080849\\1661303343052.png, C:\\Users\\jonat\\Documents\\Cura\\Reports\\20220824_080848\\Cura Appointment\\Cura Appointment\\20220824_080849\\1661303346180.png, C:\\Users\\jonat\\Documents\\Cura\\Reports\\20220824_080848\\Cura Appointment\\Cura Appointment\\20220824_080849\\1661303347514.png, C:\\Users\\jonat\\Documents\\Cura\\Reports\\20220824_080848\\Cura Appointment\\Cura Appointment\\20220824_080849\\1661303353762.png, C:\\Users\\jonat\\Documents\\Cura\\Reports\\20220824_080848\\Cura Appointment\\Cura Appointment\\20220824_080849\\1661303356890.png, C:\\Users\\jonat\\Documents\\Cura\\Reports\\20220824_080848\\Cura Appointment\\Cura Appointment\\20220824_080849\\1661303358307.png"/>
         <property name="hostName" value="jonat - Jonathan"/>
         <property name="os" value="Windows 10 64bit"/>
         <property name="katalonVersion" value="8.4.1.208"/>
         <property name="browser" value="Chrome 104.0.5112.102"/>
         <property name="hostAddress" value="10.212.252.217"/>
         <property name="sessionId" value="39c8f6e5761425e3ec990435705613e4"/>
         <property name="seleniumVersion" value="3.141.59"/>
         <property name="proxyInformation" value="ProxyInformation { proxyOption=NO_PROXY, proxyServerType=HTTP, username=, password=********, proxyServerAddress=, proxyServerPort=0, executionList=&quot;&quot;, isApplyToDesiredCapabilities=true }"/>
         <property name="platform" value="Windows 10"/>
      </properties>
      <testcase name="Test Cases/Cura Appointment/Cura Create Appointment" time="11.622" classname="Test Cases/Cura Appointment/Cura Create Appointment" status="PASSED">
         <system-out><![CDATA[2022-08-24 08:08:56 - [TEST_CASE][PASSED] - Test Cases/Cura Appointment/Cura Create Appointment: Test Cases/Cura Appointment/Cura Create Appointment

2022-08-24 08:08:56 - [TEST_STEP][PASSED] - println(url): null

2022-08-24 08:08:56 - [TEST_STEP][PASSED] - openBrowser(url): Browser is opened with url: 'https://katalon-demo-cura.herokuapp.com/'

2022-08-24 08:08:57 - [MESSAGE][INFO] - Starting 'Chrome' driver

2022-08-24 08:08:57 - [MESSAGE][INFO] - Action delay is set to 0 milliseconds

2022-08-24 08:09:02 - [MESSAGE][PASSED] - Browser is opened with url: 'https://katalon-demo-cura.herokuapp.com/'

2022-08-24 08:09:02 - [TEST_STEP][PASSED] - maximizeWindow(): Current window maximized

2022-08-24 08:09:02 - [MESSAGE][PASSED] - Current window maximized

2022-08-24 08:09:02 - [TEST_STEP][PASSED] - takeScreenshot(): Taking screenshot successfully

2022-08-24 08:09:03 - [MESSAGE][PASSED] - Taking screenshot successfully
[[ATTACHMENT|C:\\Users\\jonat\\Documents\\Cura\\Reports\\20220824_080848\\Cura Appointment\\Cura Appointment\\20220824_080849\\1661303343052.png]]

2022-08-24 08:09:03 - [TEST_STEP][PASSED] - click(findTestObject("Page_CURA Healthcare Service/Button_Make Appointment")): Object: 'Object Repository/Page_CURA Healthcare Service/Button_Make Appointment' is clicked on

2022-08-24 08:09:04 - [MESSAGE][PASSED] - Object: 'Object Repository/Page_CURA Healthcare Service/Button_Make Appointment' is clicked on

2022-08-24 08:09:04 - [TEST_STEP][PASSED] - setText(findTestObject("Page_CURA Healthcare Service/Input_Username"), username): Text 'John Doe' is set on object 'Object Repository/Page_CURA Healthcare Service/Input_Username'

2022-08-24 08:09:05 - [MESSAGE][PASSED] - Text 'John Doe' is set on object 'Object Repository/Page_CURA Healthcare Service/Input_Username'

2022-08-24 08:09:05 - [TEST_STEP][PASSED] - setText(findTestObject("Page_CURA Healthcare Service/Input_Password"), password): Text 'ThisIsNotAPassword' is set on object 'Object Repository/Page_CURA Healthcare Service/Input_Password'

2022-08-24 08:09:05 - [MESSAGE][PASSED] - Text 'ThisIsNotAPassword' is set on object 'Object Repository/Page_CURA Healthcare Service/Input_Password'

2022-08-24 08:09:05 - [TEST_STEP][PASSED] - takeScreenshot(): Taking screenshot successfully

2022-08-24 08:09:06 - [MESSAGE][PASSED] - Taking screenshot successfully
[[ATTACHMENT|C:\\Users\\jonat\\Documents\\Cura\\Reports\\20220824_080848\\Cura Appointment\\Cura Appointment\\20220824_080849\\1661303346180.png]]

2022-08-24 08:09:06 - [TEST_STEP][PASSED] - click(findTestObject("Page_CURA Healthcare Service/button_Login")): Object: 'Object Repository/Page_CURA Healthcare Service/button_Login' is clicked on

2022-08-24 08:09:07 - [MESSAGE][PASSED] - Object: 'Object Repository/Page_CURA Healthcare Service/button_Login' is clicked on

2022-08-24 08:09:07 - [TEST_STEP][PASSED] - takeScreenshot(): Taking screenshot successfully

2022-08-24 08:09:07 - [MESSAGE][PASSED] - Taking screenshot successfully
[[ATTACHMENT|C:\\Users\\jonat\\Documents\\Cura\\Reports\\20220824_080848\\Cura Appointment\\Cura Appointment\\20220824_080849\\1661303347514.png]]

2022-08-24 08:09:07 - [TEST_STEP][PASSED] - if (tc_type == "negative"): null

2022-08-24 08:09:07 - [TEST_STEP][PASSED] - else if (tc_type == "positive"): null

2022-08-24 08:09:07 - [TEST_STEP][PASSED] - if (verifyElementVisible(findTestObject("Page_CURA Healthcare Service/Select_Healtcare Center"), STOP_ON_FAILURE) == true): null

2022-08-24 08:09:08 - [MESSAGE][PASSED] - Object 'Object Repository/Page_CURA Healthcare Service/Select_Healtcare Center' is visible

2022-08-24 08:09:08 - [TEST_STEP][PASSED] - println("Login Berhasil & Test Case Passed"): null]]></system-out>
         <system-err><![CDATA[]]></system-err>
      </testcase>
      <testcase name="Test Cases/Cura Appointment/Cura Create Appointment" time="10.79" classname="Test Cases/Cura Appointment/Cura Create Appointment" status="FAILED">
         <failure type="FAILED" message="Test Cases/Cura Appointment/Cura Create Appointment FAILED.
Reason:
com.kms.katalon.core.exception.StepFailedException: Test Case Failed
	at com.kms.katalon.core.util.KeywordUtil.markFailed(KeywordUtil.java:19)
	at com.kms.katalon.core.util.KeywordUtil$markFailed.call(Unknown Source)
	at Cura Create Appointment.run(Cura Create Appointment:49)
	at com.kms.katalon.core.main.ScriptEngine.run(ScriptEngine.java:194)
	at com.kms.katalon.core.main.ScriptEngine.runScriptAsRawText(ScriptEngine.java:119)
	at com.kms.katalon.core.main.TestCaseExecutor.runScript(TestCaseExecutor.java:448)
	at com.kms.katalon.core.main.TestCaseExecutor.doExecute(TestCaseExecutor.java:439)
	at com.kms.katalon.core.main.TestCaseExecutor.processExecutionPhase(TestCaseExecutor.java:418)
	at com.kms.katalon.core.main.TestCaseExecutor.accessMainPhase(TestCaseExecutor.java:410)
	at com.kms.katalon.core.main.TestCaseExecutor.execute(TestCaseExecutor.java:285)
	at com.kms.katalon.core.common.CommonExecutor.accessTestCaseMainPhase(CommonExecutor.java:65)
	at com.kms.katalon.core.main.TestSuiteExecutor.accessTestSuiteMainPhase(TestSuiteExecutor.java:144)
	at com.kms.katalon.core.main.TestSuiteExecutor.execute(TestSuiteExecutor.java:106)
	at com.kms.katalon.core.main.TestCaseMain.startTestSuite(TestCaseMain.java:185)
	at com.kms.katalon.core.main.TestCaseMain$startTestSuite$0.call(Unknown Source)
	at TempTestSuite1661303329489.run(TempTestSuite1661303329489.groovy:36)
"/>
         <system-out><![CDATA[2022-08-24 08:09:08 - [TEST_CASE][FAILED] - Test Cases/Cura Appointment/Cura Create Appointment: Test Cases/Cura Appointment/Cura Create Appointment FAILED.
Reason:
com.kms.katalon.core.exception.StepFailedException: Test Case Failed
	at com.kms.katalon.core.util.KeywordUtil.markFailed(KeywordUtil.java:19)
	at com.kms.katalon.core.util.KeywordUtil$markFailed.call(Unknown Source)
	at Cura Create Appointment.run(Cura Create Appointment:49)
	at com.kms.katalon.core.main.ScriptEngine.run(ScriptEngine.java:194)
	at com.kms.katalon.core.main.ScriptEngine.runScriptAsRawText(ScriptEngine.java:119)
	at com.kms.katalon.core.main.TestCaseExecutor.runScript(TestCaseExecutor.java:448)
	at com.kms.katalon.core.main.TestCaseExecutor.doExecute(TestCaseExecutor.java:439)
	at com.kms.katalon.core.main.TestCaseExecutor.processExecutionPhase(TestCaseExecutor.java:418)
	at com.kms.katalon.core.main.TestCaseExecutor.accessMainPhase(TestCaseExecutor.java:410)
	at com.kms.katalon.core.main.TestCaseExecutor.execute(TestCaseExecutor.java:285)
	at com.kms.katalon.core.common.CommonExecutor.accessTestCaseMainPhase(CommonExecutor.java:65)
	at com.kms.katalon.core.main.TestSuiteExecutor.accessTestSuiteMainPhase(TestSuiteExecutor.java:144)
	at com.kms.katalon.core.main.TestSuiteExecutor.execute(TestSuiteExecutor.java:106)
	at com.kms.katalon.core.main.TestCaseMain.startTestSuite(TestCaseMain.java:185)
	at com.kms.katalon.core.main.TestCaseMain$startTestSuite$0.call(Unknown Source)
	at TempTestSuite1661303329489.run(TempTestSuite1661303329489.groovy:36)


2022-08-24 08:09:08 - [TEST_STEP][PASSED] - println(url): null

2022-08-24 08:09:08 - [TEST_STEP][PASSED] - openBrowser(url): Browser is opened with url: 'https://katalon-demo-cura.herokuapp.com/'

2022-08-24 08:09:08 - [MESSAGE][WARNING] - A browser is already opened. Closing browser and opening a new one

2022-08-24 08:09:08 - [MESSAGE][INFO] - Starting 'Chrome' driver

2022-08-24 08:09:08 - [MESSAGE][INFO] - Action delay is set to 0 milliseconds

2022-08-24 08:09:13 - [MESSAGE][PASSED] - Browser is opened with url: 'https://katalon-demo-cura.herokuapp.com/'

2022-08-24 08:09:13 - [TEST_STEP][PASSED] - maximizeWindow(): Current window maximized

2022-08-24 08:09:13 - [MESSAGE][PASSED] - Current window maximized

2022-08-24 08:09:13 - [TEST_STEP][PASSED] - takeScreenshot(): Taking screenshot successfully

2022-08-24 08:09:14 - [MESSAGE][PASSED] - Taking screenshot successfully
[[ATTACHMENT|C:\\Users\\jonat\\Documents\\Cura\\Reports\\20220824_080848\\Cura Appointment\\Cura Appointment\\20220824_080849\\1661303353762.png]]

2022-08-24 08:09:14 - [TEST_STEP][PASSED] - click(findTestObject("Page_CURA Healthcare Service/Button_Make Appointment")): Object: 'Object Repository/Page_CURA Healthcare Service/Button_Make Appointment' is clicked on

2022-08-24 08:09:15 - [MESSAGE][PASSED] - Object: 'Object Repository/Page_CURA Healthcare Service/Button_Make Appointment' is clicked on

2022-08-24 08:09:15 - [TEST_STEP][PASSED] - setText(findTestObject("Page_CURA Healthcare Service/Input_Username"), username): Text 'John Doe' is set on object 'Object Repository/Page_CURA Healthcare Service/Input_Username'

2022-08-24 08:09:15 - [MESSAGE][PASSED] - Text 'John Doe' is set on object 'Object Repository/Page_CURA Healthcare Service/Input_Username'

2022-08-24 08:09:15 - [TEST_STEP][PASSED] - setText(findTestObject("Page_CURA Healthcare Service/Input_Password"), password): Text 'ThisIsNotAPassword' is set on object 'Object Repository/Page_CURA Healthcare Service/Input_Password'

2022-08-24 08:09:16 - [MESSAGE][PASSED] - Text 'ThisIsNotAPassword' is set on object 'Object Repository/Page_CURA Healthcare Service/Input_Password'

2022-08-24 08:09:16 - [TEST_STEP][PASSED] - takeScreenshot(): Taking screenshot successfully

2022-08-24 08:09:17 - [MESSAGE][PASSED] - Taking screenshot successfully
[[ATTACHMENT|C:\\Users\\jonat\\Documents\\Cura\\Reports\\20220824_080848\\Cura Appointment\\Cura Appointment\\20220824_080849\\1661303356890.png]]

2022-08-24 08:09:17 - [TEST_STEP][PASSED] - click(findTestObject("Page_CURA Healthcare Service/button_Login")): Object: 'Object Repository/Page_CURA Healthcare Service/button_Login' is clicked on

2022-08-24 08:09:18 - [MESSAGE][PASSED] - Object: 'Object Repository/Page_CURA Healthcare Service/button_Login' is clicked on

2022-08-24 08:09:18 - [TEST_STEP][PASSED] - takeScreenshot(): Taking screenshot successfully

2022-08-24 08:09:18 - [MESSAGE][PASSED] - Taking screenshot successfully
[[ATTACHMENT|C:\\Users\\jonat\\Documents\\Cura\\Reports\\20220824_080848\\Cura Appointment\\Cura Appointment\\20220824_080849\\1661303358307.png]]

2022-08-24 08:09:18 - [TEST_STEP][PASSED] - if (tc_type == "negative"): null

2022-08-24 08:09:18 - [TEST_STEP][PASSED] - if (verifyElementVisible(findTestObject("Page_CURA Healthcare Service/Select_Healtcare Center"), STOP_ON_FAILURE) == true): null

2022-08-24 08:09:18 - [MESSAGE][PASSED] - Object 'Object Repository/Page_CURA Healthcare Service/Select_Healtcare Center' is visible

2022-08-24 08:09:18 - [TEST_STEP][PASSED] - println("Login Berhasil & Test Case Failed"): null

2022-08-24 08:09:18 - [TEST_STEP][FAILED] - markFailed("Test Case Failed"): Test Case Failed

2022-08-24 08:09:18 - [MESSAGE][FAILED] - Test Case Failed

2022-08-24 08:09:18 - [TEST_STEP][FAILED] - assert !(true): Test Cases/Cura Appointment/Cura Create Appointment FAILED.
Reason:
Assertion failed: 

assert !true
       |
       false

	at Cura Create Appointment.run(Cura Create Appointment:51)
	at com.kms.katalon.core.main.ScriptEngine.run(ScriptEngine.java:194)
	at com.kms.katalon.core.main.ScriptEngine.runScriptAsRawText(ScriptEngine.java:119)
	at com.kms.katalon.core.main.TestCaseExecutor.runScript(TestCaseExecutor.java:448)
	at com.kms.katalon.core.main.TestCaseExecutor.doExecute(TestCaseExecutor.java:439)
	at com.kms.katalon.core.main.TestCaseExecutor.processExecutionPhase(TestCaseExecutor.java:418)
	at com.kms.katalon.core.main.TestCaseExecutor.accessMainPhase(TestCaseExecutor.java:410)
	at com.kms.katalon.core.main.TestCaseExecutor.execute(TestCaseExecutor.java:285)
	at com.kms.katalon.core.common.CommonExecutor.accessTestCaseMainPhase(CommonExecutor.java:65)
	at com.kms.katalon.core.main.TestSuiteExecutor.accessTestSuiteMainPhase(TestSuiteExecutor.java:144)
	at com.kms.katalon.core.main.TestSuiteExecutor.execute(TestSuiteExecutor.java:106)
	at com.kms.katalon.core.main.TestCaseMain.startTestSuite(TestCaseMain.java:185)
	at com.kms.katalon.core.main.TestCaseMain$startTestSuite$0.call(Unknown Source)
	at TempTestSuite1661303329489.run(TempTestSuite1661303329489.groovy:36)


2022-08-24 08:09:18 - [MESSAGE][FAILED] - Test Cases/Cura Appointment/Cura Create Appointment FAILED.
Reason:
Assertion failed: 

assert !true
       |
       false

	at Cura Create Appointment.run(Cura Create Appointment:51)
	at com.kms.katalon.core.main.ScriptEngine.run(ScriptEngine.java:194)
	at com.kms.katalon.core.main.ScriptEngine.runScriptAsRawText(ScriptEngine.java:119)
	at com.kms.katalon.core.main.TestCaseExecutor.runScript(TestCaseExecutor.java:448)
	at com.kms.katalon.core.main.TestCaseExecutor.doExecute(TestCaseExecutor.java:439)
	at com.kms.katalon.core.main.TestCaseExecutor.processExecutionPhase(TestCaseExecutor.java:418)
	at com.kms.katalon.core.main.TestCaseExecutor.accessMainPhase(TestCaseExecutor.java:410)
	at com.kms.katalon.core.main.TestCaseExecutor.execute(TestCaseExecutor.java:285)
	at com.kms.katalon.core.common.CommonExecutor.accessTestCaseMainPhase(CommonExecutor.java:65)
	at com.kms.katalon.core.main.TestSuiteExecutor.accessTestSuiteMainPhase(TestSuiteExecutor.java:144)
	at com.kms.katalon.core.main.TestSuiteExecutor.execute(TestSuiteExecutor.java:106)
	at com.kms.katalon.core.main.TestCaseMain.startTestSuite(TestCaseMain.java:185)
	at com.kms.katalon.core.main.TestCaseMain$startTestSuite$0.call(Unknown Source)
	at TempTestSuite1661303329489.run(TempTestSuite1661303329489.groovy:36)]]></system-out>
         <system-err><![CDATA[2022-08-24 08:09:08 - [TEST_CASE][FAILED] - Test Cases/Cura Appointment/Cura Create Appointment: Test Cases/Cura Appointment/Cura Create Appointment FAILED.
Reason:
com.kms.katalon.core.exception.StepFailedException: Test Case Failed
	at com.kms.katalon.core.util.KeywordUtil.markFailed(KeywordUtil.java:19)
	at com.kms.katalon.core.util.KeywordUtil$markFailed.call(Unknown Source)
	at Cura Create Appointment.run(Cura Create Appointment:49)
	at com.kms.katalon.core.main.ScriptEngine.run(ScriptEngine.java:194)
	at com.kms.katalon.core.main.ScriptEngine.runScriptAsRawText(ScriptEngine.java:119)
	at com.kms.katalon.core.main.TestCaseExecutor.runScript(TestCaseExecutor.java:448)
	at com.kms.katalon.core.main.TestCaseExecutor.doExecute(TestCaseExecutor.java:439)
	at com.kms.katalon.core.main.TestCaseExecutor.processExecutionPhase(TestCaseExecutor.java:418)
	at com.kms.katalon.core.main.TestCaseExecutor.accessMainPhase(TestCaseExecutor.java:410)
	at com.kms.katalon.core.main.TestCaseExecutor.execute(TestCaseExecutor.java:285)
	at com.kms.katalon.core.common.CommonExecutor.accessTestCaseMainPhase(CommonExecutor.java:65)
	at com.kms.katalon.core.main.TestSuiteExecutor.accessTestSuiteMainPhase(TestSuiteExecutor.java:144)
	at com.kms.katalon.core.main.TestSuiteExecutor.execute(TestSuiteExecutor.java:106)
	at com.kms.katalon.core.main.TestCaseMain.startTestSuite(TestCaseMain.java:185)
	at com.kms.katalon.core.main.TestCaseMain$startTestSuite$0.call(Unknown Source)
	at TempTestSuite1661303329489.run(TempTestSuite1661303329489.groovy:36)]]></system-err>
      </testcase>
      <system-out><![CDATA[2022-08-24 08:08:56 - [TEST_SUITE][FAILED] - Cura Appointment: Test Cases/Cura Appointment/Cura Create Appointment FAILED.
Reason:
com.kms.katalon.core.exception.StepFailedException: Test Case Failed
	at com.kms.katalon.core.util.KeywordUtil.markFailed(KeywordUtil.java:19)
	at com.kms.katalon.core.util.KeywordUtil$markFailed.call(Unknown Source)
	at Cura Create Appointment.run(Cura Create Appointment:49)
	at com.kms.katalon.core.main.ScriptEngine.run(ScriptEngine.java:194)
	at com.kms.katalon.core.main.ScriptEngine.runScriptAsRawText(ScriptEngine.java:119)
	at com.kms.katalon.core.main.TestCaseExecutor.runScript(TestCaseExecutor.java:448)
	at com.kms.katalon.core.main.TestCaseExecutor.doExecute(TestCaseExecutor.java:439)
	at com.kms.katalon.core.main.TestCaseExecutor.processExecutionPhase(TestCaseExecutor.java:418)
	at com.kms.katalon.core.main.TestCaseExecutor.accessMainPhase(TestCaseExecutor.java:410)
	at com.kms.katalon.core.main.TestCaseExecutor.execute(TestCaseExecutor.java:285)
	at com.kms.katalon.core.common.CommonExecutor.accessTestCaseMainPhase(CommonExecutor.java:65)
	at com.kms.katalon.core.main.TestSuiteExecutor.accessTestSuiteMainPhase(TestSuiteExecutor.java:144)
	at com.kms.katalon.core.main.TestSuiteExecutor.execute(TestSuiteExecutor.java:106)
	at com.kms.katalon.core.main.TestCaseMain.startTestSuite(TestCaseMain.java:185)
	at com.kms.katalon.core.main.TestCaseMain$startTestSuite$0.call(Unknown Source)
	at TempTestSuite1661303329489.run(TempTestSuite1661303329489.groovy:36)]]></system-out>
      <system-err><![CDATA[2022-08-24 08:08:56 - [TEST_SUITE][FAILED] - Cura Appointment: Test Cases/Cura Appointment/Cura Create Appointment FAILED.
Reason:
com.kms.katalon.core.exception.StepFailedException: Test Case Failed
	at com.kms.katalon.core.util.KeywordUtil.markFailed(KeywordUtil.java:19)
	at com.kms.katalon.core.util.KeywordUtil$markFailed.call(Unknown Source)
	at Cura Create Appointment.run(Cura Create Appointment:49)
	at com.kms.katalon.core.main.ScriptEngine.run(ScriptEngine.java:194)
	at com.kms.katalon.core.main.ScriptEngine.runScriptAsRawText(ScriptEngine.java:119)
	at com.kms.katalon.core.main.TestCaseExecutor.runScript(TestCaseExecutor.java:448)
	at com.kms.katalon.core.main.TestCaseExecutor.doExecute(TestCaseExecutor.java:439)
	at com.kms.katalon.core.main.TestCaseExecutor.processExecutionPhase(TestCaseExecutor.java:418)
	at com.kms.katalon.core.main.TestCaseExecutor.accessMainPhase(TestCaseExecutor.java:410)
	at com.kms.katalon.core.main.TestCaseExecutor.execute(TestCaseExecutor.java:285)
	at com.kms.katalon.core.common.CommonExecutor.accessTestCaseMainPhase(CommonExecutor.java:65)
	at com.kms.katalon.core.main.TestSuiteExecutor.accessTestSuiteMainPhase(TestSuiteExecutor.java:144)
	at com.kms.katalon.core.main.TestSuiteExecutor.execute(TestSuiteExecutor.java:106)
	at com.kms.katalon.core.main.TestCaseMain.startTestSuite(TestCaseMain.java:185)
	at com.kms.katalon.core.main.TestCaseMain$startTestSuite$0.call(Unknown Source)
	at TempTestSuite1661303329489.run(TempTestSuite1661303329489.groovy:36)]]></system-err>
   </testsuite>
</testsuites>
